<?xml version="1.0" encoding="UTF-8"?>
<!-- Generated by org.testng.reporters.JUnitReportReporter -->
<testsuite hostname="TYSS-Manoj" failures="0" tests="2" name="SerializationDeserialization.StudentAPITestNoSerialization" time="4.415" errors="0" timestamp="2024-04-21T18:38:08 IST" skipped="0">
  <testcase classname="SerializationDeserialization.StudentAPITestNoSerialization" name="createNewStudent" time="4.249"/>
  <system-out/>
  <testcase classname="SerializationDeserialization.StudentAPITestNoSerialization" name="getStudentRecord" time="0.166"/>
  <system-out/>
</testsuite> <!-- SerializationDeserialization.StudentAPITestNoSerialization -->
