<?xml version="1.0" encoding="UTF-8"?>
<!-- Generated by org.testng.reporters.JUnitReportReporter -->
<testsuite hostname="TYSS-Manoj" failures="0" tests="1" name="restAssuredTests.Demo4_DELETE_Request" time="2.735" errors="0" timestamp="2024-04-19T15:33:22 IST" skipped="0">
  <testcase classname="restAssuredTests.Demo4_DELETE_Request" name="deleteEmployeeRecord" time="2.735"/>
  <system-out/>
</testsuite> <!-- restAssuredTests.Demo4_DELETE_Request -->
