<?xml version="1.0" encoding="UTF-8"?>
<!-- Generated by org.testng.reporters.JUnitReportReporter -->
<testsuite hostname="TYSS-Manoj" failures="0" tests="5" name="restAssuredTests.Demo6_BasicValidations_XML" time="7.097" errors="0" timestamp="2024-04-19T18:59:19 IST" skipped="0">
  <testcase classname="restAssuredTests.Demo6_BasicValidations_XML" name="testSinglecontent" time="2.669"/>
  <system-out/>
  <testcase classname="restAssuredTests.Demo6_BasicValidations_XML" name="testMultiplecontents" time="1.062"/>
  <system-out/>
  <testcase classname="restAssuredTests.Demo6_BasicValidations_XML" name="testMultiplecontentsInOneGo" time="1.055"/>
  <system-out/>
  <testcase classname="restAssuredTests.Demo6_BasicValidations_XML" name="testUsingXPath1" time="1.189"/>
  <system-out/>
  <testcase classname="restAssuredTests.Demo6_BasicValidations_XML" name="testUsingXPath2" time="1.122"/>
  <system-out/>
</testsuite> <!-- restAssuredTests.Demo6_BasicValidations_XML -->
