<?xml version="1.0" encoding="UTF-8"?>
<!-- Generated by org.testng.reporters.JUnitReportReporter -->
<testsuite hostname="TYSS-Manoj" failures="0" tests="1" name="restAssuredTests.Demo1_GET_Request" time="5.468" errors="0" timestamp="2024-04-04T13:04:53 IST" skipped="0">
  <testcase classname="restAssuredTests.Demo1_GET_Request" name="getWeatherDetails" time="5.468"/>
  <system-out/>
</testsuite> <!-- restAssuredTests.Demo1_GET_Request -->
