<?xml version="1.0" encoding="UTF-8"?>
<!-- Generated by org.testng.reporters.JUnitReportReporter -->
<testsuite hostname="TYSS-Manoj" failures="0" tests="1" name="restAssuredTests.Demo3_Put_Request" time="4.258" errors="0" timestamp="2024-04-04T17:07:01 IST" skipped="0">
  <testcase classname="restAssuredTests.Demo3_Put_Request" name="testPut" time="4.258"/>
  <system-out/>
</testsuite> <!-- restAssuredTests.Demo3_Put_Request -->
