<?xml version="1.0" encoding="UTF-8"?>
<!-- Generated by org.testng.reporters.JUnitReportReporter -->
<testsuite hostname="TYSS-Manoj" failures="0" tests="2" name="SerializationDeserialization.StudentAPITestWithSerialization" time="4.349" errors="0" timestamp="2024-04-21T18:44:17 IST" skipped="0">
  <testcase classname="SerializationDeserialization.StudentAPITestWithSerialization" name="createNewStudentSerialization" time="4.216"/>
  <system-out/>
  <testcase classname="SerializationDeserialization.StudentAPITestWithSerialization" name="getStudentRecordDeSerialization" time="0.133"/>
  <system-out/>
</testsuite> <!-- SerializationDeserialization.StudentAPITestWithSerialization -->
