<?xml version="1.0" encoding="UTF-8"?>
<!-- Generated by org.testng.reporters.JUnitReportReporter -->
<testsuite hostname="TYSS-Manoj" failures="0" tests="2" name="SerializationDeserialization.VideoGameAPITestwithSerializationJSON" time="3.863" errors="0" timestamp="2024-04-21T20:08:44 IST" skipped="0">
  <testcase classname="SerializationDeserialization.VideoGameAPITestwithSerializationJSON" name="testVideoGameSerializationJSON" time="3.185"/>
  <system-out/>
  <testcase classname="SerializationDeserialization.VideoGameAPITestwithSerializationJSON" name="testVideoGameDeSerializationJSON" time="0.678"/>
  <system-out/>
</testsuite> <!-- SerializationDeserialization.VideoGameAPITestwithSerializationJSON -->
