<?xml version="1.0" encoding="UTF-8"?>
<!-- Generated by org.testng.reporters.JUnitReportReporter -->
<testsuite hostname="TYSS-Manoj" failures="0" tests="2" name="SerializationDeserialization.VideoGameAPITestwithSerializationXML" time="3.872" errors="0" timestamp="2024-04-21T20:08:06 IST" skipped="0">
  <testcase classname="SerializationDeserialization.VideoGameAPITestwithSerializationXML" name="testVideoGameSerializationXML" time="3.635"/>
  <system-out/>
  <testcase classname="SerializationDeserialization.VideoGameAPITestwithSerializationXML" name="testVideoGameDeSerializationXML" time="0.237"/>
  <system-out/>
</testsuite> <!-- SerializationDeserialization.VideoGameAPITestwithSerializationXML -->
