<?xml version="1.0" encoding="UTF-8"?>
<!-- Generated by org.testng.reporters.JUnitReportReporter -->
<testsuite hostname="TYSS-Manoj" failures="0" tests="1" name="restAssuredTests.Demo2_POST_Request" time="4.267" errors="0" timestamp="2024-04-19T17:31:35 IST" skipped="0">
  <testcase classname="restAssuredTests.Demo2_POST_Request" name="testPost" time="4.267"/>
  <system-out/>
</testsuite> <!-- restAssuredTests.Demo2_POST_Request -->
