<?xml version="1.0" encoding="UTF-8"?>
<!-- Generated by org.testng.reporters.JUnitReportReporter -->
<testsuite hostname="TYSS-Manoj" failures="0" tests="1" name="restAssuredTests.fgh" time="1.836" errors="0" timestamp="2024-04-04T19:06:20 IST" skipped="0">
  <testcase classname="restAssuredTests.fgh" name="testLogging" time="1.836"/>
  <system-out/>
</testsuite> <!-- restAssuredTests.fgh -->
