<?xml version="1.0" encoding="UTF-8"?>
<!-- Generated by org.testng.reporters.JUnitReportReporter -->
<testsuite hostname="TYSS-Manoj" failures="0" tests="5" name="restAssuredTests.Demo5_BasicValidations_JSON" time="2.269" errors="0" timestamp="2024-04-19T18:32:33 IST" skipped="0">
  <testcase classname="restAssuredTests.Demo5_BasicValidations_JSON" name="testStatusCode" time="1.107"/>
  <system-out/>
  <testcase classname="restAssuredTests.Demo5_BasicValidations_JSON" name="testLogging" time="0.321"/>
  <system-out/>
  <testcase classname="restAssuredTests.Demo5_BasicValidations_JSON" name="testSingleContent" time="0.545"/>
  <system-out/>
  <testcase classname="restAssuredTests.Demo5_BasicValidations_JSON" name="testMultipleContents" time="0.082"/>
  <system-out/>
  <testcase classname="restAssuredTests.Demo5_BasicValidations_JSON" name="testParametersAndheaders" time="0.214"/>
  <system-out/>
</testsuite> <!-- restAssuredTests.Demo5_BasicValidations_JSON -->
